2014-04-10 20:49:59.685 BCN Bike Anchors[959:70b] Multi-tasking -> Device: YES, App: YES
2014-04-10 20:50:00.018 BCN Bike Anchors[959:70b] Unlimited access to network resources
2014-04-10 20:50:03.602 BCN Bike Anchors[959:70b] Resetting plugins due to page load.
2014-04-10 20:50:04.534 BCN Bike Anchors[959:70b] Finished load of: file:///Users/hiulit/Library/Application%20Support/iPhone%20Simulator/7.1/Applications/C7B245B5-DEDC-4861-AD64-50FDEDD1F915/BCN%20Bike%20Anchors.app/www/index.html
Terminating in response to SpringBoard's termination.
2014-04-10 21:19:54.264 BCN Bike Anchors[1206:70b] Multi-tasking -> Device: YES, App: YES
2014-04-10 21:19:54.273 BCN Bike Anchors[1206:70b] Unlimited access to network resources
2014-04-10 21:19:54.635 BCN Bike Anchors[1206:70b] Resetting plugins due to page load.
2014-04-10 21:19:55.370 BCN Bike Anchors[1206:70b] Finished load of: file:///Users/hiulit/Library/Application%20Support/iPhone%20Simulator/7.1/Applications/C7B245B5-DEDC-4861-AD64-50FDEDD1F915/BCN%20Bike%20Anchors.app/www/index.html
2014-04-10 21:31:00.212 BCN Bike Anchors[1390:70b] Multi-tasking -> Device: YES, App: YES
2014-04-10 21:31:00.221 BCN Bike Anchors[1390:70b] Unlimited access to network resources
2014-04-10 21:31:00.297 BCN Bike Anchors[1390:70b] Resetting plugins due to page load.
2014-04-10 21:31:00.859 BCN Bike Anchors[1390:70b] Finished load of: file:///Users/hiulit/Library/Application%20Support/iPhone%20Simulator/7.1/Applications/C7B245B5-DEDC-4861-AD64-50FDEDD1F915/BCN%20Bike%20Anchors.app/www/index.html
2014-04-10 21:32:21.103 BCN Bike Anchors[1527:70b] Multi-tasking -> Device: YES, App: YES
2014-04-10 21:32:21.112 BCN Bike Anchors[1527:70b] Unlimited access to network resources
2014-04-10 21:32:21.287 BCN Bike Anchors[1527:70b] Resetting plugins due to page load.
2014-04-10 21:32:21.800 BCN Bike Anchors[1527:70b] Finished load of: file:///Users/hiulit/Library/Application%20Support/iPhone%20Simulator/7.1/Applications/C7B245B5-DEDC-4861-AD64-50FDEDD1F915/BCN%20Bike%20Anchors.app/www/index.html
2014-04-10 21:43:55.175 BCN Bike Anchors[1869:70b] Multi-tasking -> Device: YES, App: YES
2014-04-10 21:43:55.185 BCN Bike Anchors[1869:70b] Unlimited access to network resources
2014-04-10 21:43:55.273 BCN Bike Anchors[1869:70b] Resetting plugins due to page load.
2014-04-10 21:43:56.061 BCN Bike Anchors[1869:70b] Finished load of: file:///Users/hiulit/Library/Application%20Support/iPhone%20Simulator/7.1/Applications/C7B245B5-DEDC-4861-AD64-50FDEDD1F915/BCN%20Bike%20Anchors.app/www/index.html
2014-04-10 21:44:13.673 BCN Bike Anchors[1997:70b] Multi-tasking -> Device: YES, App: YES
2014-04-10 21:44:13.682 BCN Bike Anchors[1997:70b] Unlimited access to network resources
2014-04-10 21:44:13.878 BCN Bike Anchors[1997:70b] Resetting plugins due to page load.
2014-04-10 21:44:14.437 BCN Bike Anchors[1997:70b] Finished load of: file:///Users/hiulit/Library/Application%20Support/iPhone%20Simulator/7.1/Applications/DD530A92-B740-475A-91EE-3418AE411ABF/BCN%20Bike%20Anchors.app/www/index.html
2014-04-10 21:45:21.144 BCN Bike Anchors[2124:70b] Multi-tasking -> Device: YES, App: YES
2014-04-10 21:45:21.154 BCN Bike Anchors[2124:70b] Unlimited access to network resources
2014-04-10 21:45:21.230 BCN Bike Anchors[2124:70b] Resetting plugins due to page load.
2014-04-10 21:45:21.781 BCN Bike Anchors[2124:70b] Finished load of: file:///Users/hiulit/Library/Application%20Support/iPhone%20Simulator/7.1/Applications/DD530A92-B740-475A-91EE-3418AE411ABF/BCN%20Bike%20Anchors.app/www/index.html
2014-04-10 21:45:50.466 BCN Bike Anchors[2254:70b] Multi-tasking -> Device: YES, App: YES
2014-04-10 21:45:50.476 BCN Bike Anchors[2254:70b] Unlimited access to network resources
2014-04-10 21:45:50.548 BCN Bike Anchors[2254:70b] Resetting plugins due to page load.
2014-04-10 21:45:51.076 BCN Bike Anchors[2254:70b] Finished load of: file:///Users/hiulit/Library/Application%20Support/iPhone%20Simulator/7.1/Applications/DD530A92-B740-475A-91EE-3418AE411ABF/BCN%20Bike%20Anchors.app/www/index.html
2014-04-10 21:47:07.935 BCN Bike Anchors[2383:70b] Multi-tasking -> Device: YES, App: YES
2014-04-10 21:47:07.944 BCN Bike Anchors[2383:70b] Unlimited access to network resources
2014-04-10 21:47:08.021 BCN Bike Anchors[2383:70b] Resetting plugins due to page load.
2014-04-10 21:47:08.541 BCN Bike Anchors[2383:70b] Finished load of: file:///Users/hiulit/Library/Application%20Support/iPhone%20Simulator/7.1/Applications/DD530A92-B740-475A-91EE-3418AE411ABF/BCN%20Bike%20Anchors.app/www/index.html
2014-04-10 21:47:44.255 BCN Bike Anchors[2513:70b] Multi-tasking -> Device: YES, App: YES
2014-04-10 21:47:44.264 BCN Bike Anchors[2513:70b] Unlimited access to network resources
2014-04-10 21:47:44.337 BCN Bike Anchors[2513:70b] Resetting plugins due to page load.
2014-04-10 21:47:44.847 BCN Bike Anchors[2513:70b] Finished load of: file:///Users/hiulit/Library/Application%20Support/iPhone%20Simulator/7.1/Applications/DD530A92-B740-475A-91EE-3418AE411ABF/BCN%20Bike%20Anchors.app/www/index.html
2014-04-10 21:49:22.236 BCN Bike Anchors[2700:70b] Multi-tasking -> Device: YES, App: YES
2014-04-10 21:49:22.245 BCN Bike Anchors[2700:70b] Unlimited access to network resources
2014-04-10 21:49:22.321 BCN Bike Anchors[2700:70b] Resetting plugins due to page load.
2014-04-10 21:49:22.856 BCN Bike Anchors[2700:70b] Finished load of: file:///Users/hiulit/Library/Application%20Support/iPhone%20Simulator/7.1/Applications/DD530A92-B740-475A-91EE-3418AE411ABF/BCN%20Bike%20Anchors.app/www/index.html
2014-04-10 21:49:54.082 BCN Bike Anchors[2830:70b] Multi-tasking -> Device: YES, App: YES
2014-04-10 21:49:54.092 BCN Bike Anchors[2830:70b] Unlimited access to network resources
2014-04-10 21:49:54.171 BCN Bike Anchors[2830:70b] Resetting plugins due to page load.
2014-04-10 21:49:54.675 BCN Bike Anchors[2830:70b] Finished load of: file:///Users/hiulit/Library/Application%20Support/iPhone%20Simulator/7.1/Applications/DD530A92-B740-475A-91EE-3418AE411ABF/BCN%20Bike%20Anchors.app/www/index.html
2014-04-10 21:53:38.579 BCN Bike Anchors[2971:70b] Multi-tasking -> Device: YES, App: YES
2014-04-10 21:53:38.588 BCN Bike Anchors[2971:70b] Unlimited access to network resources
2014-04-10 21:53:38.662 BCN Bike Anchors[2971:70b] Resetting plugins due to page load.
2014-04-10 21:53:39.185 BCN Bike Anchors[2971:70b] Finished load of: file:///Users/hiulit/Library/Application%20Support/iPhone%20Simulator/7.1/Applications/DD530A92-B740-475A-91EE-3418AE411ABF/BCN%20Bike%20Anchors.app/www/index.html
2014-04-10 22:01:47.483 BCN Bike Anchors[3122:70b] Multi-tasking -> Device: YES, App: YES
2014-04-10 22:01:47.492 BCN Bike Anchors[3122:70b] Unlimited access to network resources
2014-04-10 22:01:47.566 BCN Bike Anchors[3122:70b] Resetting plugins due to page load.
2014-04-10 22:01:48.204 BCN Bike Anchors[3122:70b] Finished load of: file:///Users/hiulit/Library/Application%20Support/iPhone%20Simulator/7.1/Applications/DD530A92-B740-475A-91EE-3418AE411ABF/BCN%20Bike%20Anchors.app/www/index.html
2014-04-10 22:02:51.835 BCN Bike Anchors[3253:70b] Multi-tasking -> Device: YES, App: YES
2014-04-10 22:02:51.844 BCN Bike Anchors[3253:70b] Unlimited access to network resources
2014-04-10 22:02:51.921 BCN Bike Anchors[3253:70b] Resetting plugins due to page load.
2014-04-10 22:02:52.437 BCN Bike Anchors[3253:70b] Finished load of: file:///Users/hiulit/Library/Application%20Support/iPhone%20Simulator/7.1/Applications/DD530A92-B740-475A-91EE-3418AE411ABF/BCN%20Bike%20Anchors.app/www/index.html
2014-04-10 22:18:01.331 BCN Bike Anchors[3528:70b] Multi-tasking -> Device: YES, App: YES
2014-04-10 22:18:01.341 BCN Bike Anchors[3528:70b] Unlimited access to network resources
2014-04-10 22:18:01.416 BCN Bike Anchors[3528:70b] Resetting plugins due to page load.
2014-04-10 22:18:01.996 BCN Bike Anchors[3528:70b] Finished load of: file:///Users/hiulit/Library/Application%20Support/iPhone%20Simulator/7.1/Applications/DD530A92-B740-475A-91EE-3418AE411ABF/BCN%20Bike%20Anchors.app/www/index.html
2014-04-10 22:18:32.600 BCN Bike Anchors[3656:70b] Multi-tasking -> Device: YES, App: YES
2014-04-10 22:18:32.610 BCN Bike Anchors[3656:70b] Unlimited access to network resources
2014-04-10 22:18:32.685 BCN Bike Anchors[3656:70b] Resetting plugins due to page load.
2014-04-10 22:18:33.189 BCN Bike Anchors[3656:70b] Finished load of: file:///Users/hiulit/Library/Application%20Support/iPhone%20Simulator/7.1/Applications/DD530A92-B740-475A-91EE-3418AE411ABF/BCN%20Bike%20Anchors.app/www/index.html
2014-04-10 22:21:20.515 BCN Bike Anchors[3787:70b] Multi-tasking -> Device: YES, App: YES
2014-04-10 22:21:20.525 BCN Bike Anchors[3787:70b] Unlimited access to network resources
2014-04-10 22:21:20.712 BCN Bike Anchors[3787:70b] Resetting plugins due to page load.
2014-04-10 22:21:21.617 BCN Bike Anchors[3787:70b] Finished load of: file:///Users/hiulit/Library/Application%20Support/iPhone%20Simulator/7.1/Applications/DD530A92-B740-475A-91EE-3418AE411ABF/BCN%20Bike%20Anchors.app/www/index.html
2014-04-10 22:21:51.429 BCN Bike Anchors[3916:70b] Multi-tasking -> Device: YES, App: YES
2014-04-10 22:21:51.439 BCN Bike Anchors[3916:70b] Unlimited access to network resources
2014-04-10 22:21:51.588 BCN Bike Anchors[3916:70b] Resetting plugins due to page load.
2014-04-10 22:21:52.119 BCN Bike Anchors[3916:70b] Finished load of: file:///Users/hiulit/Library/Application%20Support/iPhone%20Simulator/7.1/Applications/DD530A92-B740-475A-91EE-3418AE411ABF/BCN%20Bike%20Anchors.app/www/index.html
2014-04-11 00:26:48.606 BCN Bike Anchors[4465:70b] Multi-tasking -> Device: YES, App: YES
2014-04-11 00:26:48.615 BCN Bike Anchors[4465:70b] Unlimited access to network resources
2014-04-11 00:26:48.824 BCN Bike Anchors[4465:70b] Resetting plugins due to page load.
2014-04-11 00:26:49.407 BCN Bike Anchors[4465:70b] Finished load of: file:///Users/hiulit/Library/Application%20Support/iPhone%20Simulator/7.1/Applications/DD530A92-B740-475A-91EE-3418AE411ABF/BCN%20Bike%20Anchors.app/www/index.html
2014-04-11 00:34:40.220 BCN Bike Anchors[4607:70b] Multi-tasking -> Device: YES, App: YES
2014-04-11 00:34:40.229 BCN Bike Anchors[4607:70b] Unlimited access to network resources
2014-04-11 00:34:40.407 BCN Bike Anchors[4607:70b] Resetting plugins due to page load.
2014-04-11 00:34:40.986 BCN Bike Anchors[4607:70b] Finished load of: file:///Users/hiulit/Library/Application%20Support/iPhone%20Simulator/7.1/Applications/DD530A92-B740-475A-91EE-3418AE411ABF/BCN%20Bike%20Anchors.app/www/index.html
2014-04-11 00:42:59.941 BCN Bike Anchors[4753:70b] Multi-tasking -> Device: YES, App: YES
2014-04-11 00:42:59.951 BCN Bike Anchors[4753:70b] Unlimited access to network resources
2014-04-11 00:43:00.110 BCN Bike Anchors[4753:70b] Resetting plugins due to page load.
2014-04-11 00:43:00.721 BCN Bike Anchors[4753:70b] Finished load of: file:///Users/hiulit/Library/Application%20Support/iPhone%20Simulator/7.1/Applications/DD530A92-B740-475A-91EE-3418AE411ABF/BCN%20Bike%20Anchors.app/www/index.html
2014-04-11 00:43:33.605 BCN Bike Anchors[4881:70b] Multi-tasking -> Device: YES, App: YES
2014-04-11 00:43:33.614 BCN Bike Anchors[4881:70b] Unlimited access to network resources
2014-04-11 00:43:33.780 BCN Bike Anchors[4881:70b] Resetting plugins due to page load.
2014-04-11 00:43:34.292 BCN Bike Anchors[4881:70b] Finished load of: file:///Users/hiulit/Library/Application%20Support/iPhone%20Simulator/7.1/Applications/DD530A92-B740-475A-91EE-3418AE411ABF/BCN%20Bike%20Anchors.app/www/index.html
2014-04-11 00:51:58.097 BCN Bike Anchors[5025:70b] Multi-tasking -> Device: YES, App: YES
2014-04-11 00:51:58.106 BCN Bike Anchors[5025:70b] Unlimited access to network resources
2014-04-11 00:51:58.185 BCN Bike Anchors[5025:70b] Resetting plugins due to page load.
2014-04-11 00:51:58.742 BCN Bike Anchors[5025:70b] Finished load of: file:///Users/hiulit/Library/Application%20Support/iPhone%20Simulator/7.1/Applications/DD530A92-B740-475A-91EE-3418AE411ABF/BCN%20Bike%20Anchors.app/www/index.html
2014-04-11 00:52:48.340 BCN Bike Anchors[5154:70b] Multi-tasking -> Device: YES, App: YES
2014-04-11 00:52:48.349 BCN Bike Anchors[5154:70b] Unlimited access to network resources
2014-04-11 00:52:48.534 BCN Bike Anchors[5154:70b] Resetting plugins due to page load.
2014-04-11 00:52:49.084 BCN Bike Anchors[5154:70b] Finished load of: file:///Users/hiulit/Library/Application%20Support/iPhone%20Simulator/7.1/Applications/DD530A92-B740-475A-91EE-3418AE411ABF/BCN%20Bike%20Anchors.app/www/index.html
2014-04-11 00:54:16.691 BCN Bike Anchors[5283:70b] Multi-tasking -> Device: YES, App: YES
2014-04-11 00:54:16.701 BCN Bike Anchors[5283:70b] Unlimited access to network resources
2014-04-11 00:54:16.881 BCN Bike Anchors[5283:70b] Resetting plugins due to page load.
2014-04-11 00:54:17.428 BCN Bike Anchors[5283:70b] Finished load of: file:///Users/hiulit/Library/Application%20Support/iPhone%20Simulator/7.1/Applications/DD530A92-B740-475A-91EE-3418AE411ABF/BCN%20Bike%20Anchors.app/www/index.html
2014-04-11 00:54:50.842 BCN Bike Anchors[5411:70b] Multi-tasking -> Device: YES, App: YES
2014-04-11 00:54:50.851 BCN Bike Anchors[5411:70b] Unlimited access to network resources
2014-04-11 00:54:51.020 BCN Bike Anchors[5411:70b] Resetting plugins due to page load.
2014-04-11 00:54:51.558 BCN Bike Anchors[5411:70b] Finished load of: file:///Users/hiulit/Library/Application%20Support/iPhone%20Simulator/7.1/Applications/DD530A92-B740-475A-91EE-3418AE411ABF/BCN%20Bike%20Anchors.app/www/index.html
2014-04-11 00:55:08.069 BCN Bike Anchors[5538:70b] Multi-tasking -> Device: YES, App: YES
2014-04-11 00:55:08.078 BCN Bike Anchors[5538:70b] Unlimited access to network resources
2014-04-11 00:55:08.257 BCN Bike Anchors[5538:70b] Resetting plugins due to page load.
2014-04-11 00:55:08.775 BCN Bike Anchors[5538:70b] Finished load of: file:///Users/hiulit/Library/Application%20Support/iPhone%20Simulator/7.1/Applications/DD530A92-B740-475A-91EE-3418AE411ABF/BCN%20Bike%20Anchors.app/www/index.html
2014-04-11 00:56:23.678 BCN Bike Anchors[5666:70b] Multi-tasking -> Device: YES, App: YES
2014-04-11 00:56:23.687 BCN Bike Anchors[5666:70b] Unlimited access to network resources
2014-04-11 00:56:23.871 BCN Bike Anchors[5666:70b] Resetting plugins due to page load.
2014-04-11 00:56:24.389 BCN Bike Anchors[5666:70b] Finished load of: file:///Users/hiulit/Library/Application%20Support/iPhone%20Simulator/7.1/Applications/DD530A92-B740-475A-91EE-3418AE411ABF/BCN%20Bike%20Anchors.app/www/index.html
2014-04-11 00:57:15.016 BCN Bike Anchors[5794:70b] Multi-tasking -> Device: YES, App: YES
2014-04-11 00:57:15.026 BCN Bike Anchors[5794:70b] Unlimited access to network resources
2014-04-11 00:57:15.305 BCN Bike Anchors[5794:70b] Resetting plugins due to page load.
2014-04-11 00:57:16.248 BCN Bike Anchors[5794:70b] Finished load of: file:///Users/hiulit/Library/Application%20Support/iPhone%20Simulator/7.1/Applications/DD530A92-B740-475A-91EE-3418AE411ABF/BCN%20Bike%20Anchors.app/www/index.html
2014-04-11 00:57:50.151 BCN Bike Anchors[5922:70b] Multi-tasking -> Device: YES, App: YES
2014-04-11 00:57:50.160 BCN Bike Anchors[5922:70b] Unlimited access to network resources
2014-04-11 00:57:50.340 BCN Bike Anchors[5922:70b] Resetting plugins due to page load.
2014-04-11 00:57:50.877 BCN Bike Anchors[5922:70b] Finished load of: file:///Users/hiulit/Library/Application%20Support/iPhone%20Simulator/7.1/Applications/DD530A92-B740-475A-91EE-3418AE411ABF/BCN%20Bike%20Anchors.app/www/index.html
2014-04-11 01:03:00.108 BCN Bike Anchors[6120:70b] Multi-tasking -> Device: YES, App: YES
2014-04-11 01:03:00.117 BCN Bike Anchors[6120:70b] Unlimited access to network resources
2014-04-11 01:03:00.200 BCN Bike Anchors[6120:70b] Resetting plugins due to page load.
2014-04-11 01:03:00.784 BCN Bike Anchors[6120:70b] Finished load of: file:///Users/hiulit/Library/Application%20Support/iPhone%20Simulator/7.1/Applications/DD530A92-B740-475A-91EE-3418AE411ABF/BCN%20Bike%20Anchors.app/www/index.html
2014-04-11 01:04:41.017 BCN Bike Anchors[6308:70b] Multi-tasking -> Device: YES, App: YES
2014-04-11 01:04:41.026 BCN Bike Anchors[6308:70b] Unlimited access to network resources
2014-04-11 01:04:41.210 BCN Bike Anchors[6308:70b] Resetting plugins due to page load.
2014-04-11 01:04:41.805 BCN Bike Anchors[6308:70b] Finished load of: file:///Users/hiulit/Library/Application%20Support/iPhone%20Simulator/7.1/Applications/DD530A92-B740-475A-91EE-3418AE411ABF/BCN%20Bike%20Anchors.app/www/index.html
2014-04-11 01:07:49.432 BCN Bike Anchors[6499:70b] Multi-tasking -> Device: YES, App: YES
2014-04-11 01:07:49.441 BCN Bike Anchors[6499:70b] Unlimited access to network resources
2014-04-11 01:07:49.626 BCN Bike Anchors[6499:70b] Resetting plugins due to page load.
2014-04-11 01:07:50.178 BCN Bike Anchors[6499:70b] Finished load of: file:///Users/hiulit/Library/Application%20Support/iPhone%20Simulator/7.1/Applications/DD530A92-B740-475A-91EE-3418AE411ABF/BCN%20Bike%20Anchors.app/www/index.html
2014-04-11 01:11:08.723 BCN Bike Anchors[6637:70b] Multi-tasking -> Device: YES, App: YES
2014-04-11 01:11:08.732 BCN Bike Anchors[6637:70b] Unlimited access to network resources
2014-04-11 01:11:08.807 BCN Bike Anchors[6637:70b] Resetting plugins due to page load.
2014-04-11 01:11:09.432 BCN Bike Anchors[6637:70b] Finished load of: file:///Users/hiulit/Library/Application%20Support/iPhone%20Simulator/7.1/Applications/DD530A92-B740-475A-91EE-3418AE411ABF/BCN%20Bike%20Anchors.app/www/index.html
2014-04-11 01:20:56.326 BCN Bike Anchors[6779:70b] Multi-tasking -> Device: YES, App: YES
2014-04-11 01:20:56.335 BCN Bike Anchors[6779:70b] Unlimited access to network resources
2014-04-11 01:20:56.448 BCN Bike Anchors[6779:70b] Resetting plugins due to page load.
2014-04-11 01:20:59.049 BCN Bike Anchors[6779:70b] Finished load of: file:///Users/hiulit/Library/Application%20Support/iPhone%20Simulator/7.1/Applications/DD530A92-B740-475A-91EE-3418AE411ABF/BCN%20Bike%20Anchors.app/www/index.html
2014-04-11 01:21:19.104 BCN Bike Anchors[6907:70b] Multi-tasking -> Device: YES, App: YES
2014-04-11 01:21:19.113 BCN Bike Anchors[6907:70b] Unlimited access to network resources
2014-04-11 01:21:19.297 BCN Bike Anchors[6907:70b] Resetting plugins due to page load.
2014-04-11 01:21:19.818 BCN Bike Anchors[6907:70b] Finished load of: file:///Users/hiulit/Library/Application%20Support/iPhone%20Simulator/7.1/Applications/DD530A92-B740-475A-91EE-3418AE411ABF/BCN%20Bike%20Anchors.app/www/index.html
2014-04-11 01:23:17.656 BCN Bike Anchors[7037:70b] Multi-tasking -> Device: YES, App: YES
2014-04-11 01:23:17.666 BCN Bike Anchors[7037:70b] Unlimited access to network resources
2014-04-11 01:23:17.831 BCN Bike Anchors[7037:70b] Resetting plugins due to page load.
2014-04-11 01:23:18.329 BCN Bike Anchors[7037:70b] Finished load of: file:///Users/hiulit/Library/Application%20Support/iPhone%20Simulator/7.1/Applications/DD530A92-B740-475A-91EE-3418AE411ABF/BCN%20Bike%20Anchors.app/www/index.html
2014-04-11 01:25:48.285 BCN Bike Anchors[7173:70b] Multi-tasking -> Device: YES, App: YES
2014-04-11 01:25:48.297 BCN Bike Anchors[7173:70b] Unlimited access to network resources
2014-04-11 01:25:48.425 BCN Bike Anchors[7173:70b] Resetting plugins due to page load.
2014-04-11 01:25:48.991 BCN Bike Anchors[7173:70b] Finished load of: file:///Users/hiulit/Library/Application%20Support/iPhone%20Simulator/7.1/Applications/DD530A92-B740-475A-91EE-3418AE411ABF/BCN%20Bike%20Anchors.app/www/index.html
2014-04-11 01:26:17.253 BCN Bike Anchors[7302:70b] Multi-tasking -> Device: YES, App: YES
2014-04-11 01:26:17.263 BCN Bike Anchors[7302:70b] Unlimited access to network resources
2014-04-11 01:26:17.338 BCN Bike Anchors[7302:70b] Resetting plugins due to page load.
2014-04-11 01:26:17.839 BCN Bike Anchors[7302:70b] Finished load of: file:///Users/hiulit/Library/Application%20Support/iPhone%20Simulator/7.1/Applications/DD530A92-B740-475A-91EE-3418AE411ABF/BCN%20Bike%20Anchors.app/www/index.html
2014-04-11 01:27:37.127 BCN Bike Anchors[7435:70b] Multi-tasking -> Device: YES, App: YES
2014-04-11 01:27:37.136 BCN Bike Anchors[7435:70b] Unlimited access to network resources
2014-04-11 01:27:37.269 BCN Bike Anchors[7435:70b] Resetting plugins due to page load.
2014-04-11 01:27:37.790 BCN Bike Anchors[7435:70b] Finished load of: file:///Users/hiulit/Library/Application%20Support/iPhone%20Simulator/7.1/Applications/DD530A92-B740-475A-91EE-3418AE411ABF/BCN%20Bike%20Anchors.app/www/index.html
2014-04-11 01:35:34.693 BCN Bike Anchors[7579:70b] Multi-tasking -> Device: YES, App: YES
2014-04-11 01:35:34.704 BCN Bike Anchors[7579:70b] Unlimited access to network resources
2014-04-11 01:35:34.783 BCN Bike Anchors[7579:70b] Resetting plugins due to page load.
2014-04-11 01:35:35.326 BCN Bike Anchors[7579:70b] Finished load of: file:///Users/hiulit/Library/Application%20Support/iPhone%20Simulator/7.1/Applications/DD530A92-B740-475A-91EE-3418AE411ABF/BCN%20Bike%20Anchors.app/www/index.html
2014-04-11 01:35:52.483 BCN Bike Anchors[7708:70b] Multi-tasking -> Device: YES, App: YES
2014-04-11 01:35:52.494 BCN Bike Anchors[7708:70b] Unlimited access to network resources
2014-04-11 01:35:52.677 BCN Bike Anchors[7708:70b] Resetting plugins due to page load.
2014-04-11 01:35:53.171 BCN Bike Anchors[7708:70b] Finished load of: file:///Users/hiulit/Library/Application%20Support/iPhone%20Simulator/7.1/Applications/DD530A92-B740-475A-91EE-3418AE411ABF/BCN%20Bike%20Anchors.app/www/index.html
2014-04-11 01:41:17.311 BCN Bike Anchors[7851:70b] Multi-tasking -> Device: YES, App: YES
2014-04-11 01:41:17.321 BCN Bike Anchors[7851:70b] Unlimited access to network resources
2014-04-11 01:41:17.509 BCN Bike Anchors[7851:70b] Resetting plugins due to page load.
2014-04-11 01:41:18.093 BCN Bike Anchors[7851:70b] Finished load of: file:///Users/hiulit/Library/Application%20Support/iPhone%20Simulator/7.1/Applications/DD530A92-B740-475A-91EE-3418AE411ABF/BCN%20Bike%20Anchors.app/www/index.html
2014-04-11 01:41:41.381 BCN Bike Anchors[7979:70b] Multi-tasking -> Device: YES, App: YES
2014-04-11 01:41:41.390 BCN Bike Anchors[7979:70b] Unlimited access to network resources
2014-04-11 01:41:41.571 BCN Bike Anchors[7979:70b] Resetting plugins due to page load.
2014-04-11 01:41:42.111 BCN Bike Anchors[7979:70b] Finished load of: file:///Users/hiulit/Library/Application%20Support/iPhone%20Simulator/7.1/Applications/DD530A92-B740-475A-91EE-3418AE411ABF/BCN%20Bike%20Anchors.app/www/index.html
2014-04-11 01:45:17.389 BCN Bike Anchors[8110:70b] Multi-tasking -> Device: YES, App: YES
2014-04-11 01:45:17.399 BCN Bike Anchors[8110:70b] Unlimited access to network resources
2014-04-11 01:45:17.630 BCN Bike Anchors[8110:70b] Resetting plugins due to page load.
2014-04-11 01:45:18.284 BCN Bike Anchors[8110:70b] Finished load of: file:///Users/hiulit/Library/Application%20Support/iPhone%20Simulator/7.1/Applications/DD530A92-B740-475A-91EE-3418AE411ABF/BCN%20Bike%20Anchors.app/www/index.html
2014-04-11 01:46:14.582 BCN Bike Anchors[8240:70b] Multi-tasking -> Device: YES, App: YES
2014-04-11 01:46:14.597 BCN Bike Anchors[8240:70b] Unlimited access to network resources
2014-04-11 01:46:14.801 BCN Bike Anchors[8240:70b] Resetting plugins due to page load.
2014-04-11 01:46:15.346 BCN Bike Anchors[8240:70b] Finished load of: file:///Users/hiulit/Library/Application%20Support/iPhone%20Simulator/7.1/Applications/DD530A92-B740-475A-91EE-3418AE411ABF/BCN%20Bike%20Anchors.app/www/index.html
2014-04-11 01:56:05.471 BCN Bike Anchors[8418:70b] Multi-tasking -> Device: YES, App: YES
2014-04-11 01:56:05.480 BCN Bike Anchors[8418:70b] Unlimited access to network resources
2014-04-11 01:56:05.664 BCN Bike Anchors[8418:70b] Resetting plugins due to page load.
2014-04-11 01:56:06.258 BCN Bike Anchors[8418:70b] Finished load of: file:///Users/hiulit/Library/Application%20Support/iPhone%20Simulator/7.1/Applications/DD530A92-B740-475A-91EE-3418AE411ABF/BCN%20Bike%20Anchors.app/www/index.html
2014-04-11 01:57:02.644 BCN Bike Anchors[8546:70b] Multi-tasking -> Device: YES, App: YES
2014-04-11 01:57:02.653 BCN Bike Anchors[8546:70b] Unlimited access to network resources
2014-04-11 01:57:02.729 BCN Bike Anchors[8546:70b] Resetting plugins due to page load.
2014-04-11 01:57:03.261 BCN Bike Anchors[8546:70b] Finished load of: file:///Users/hiulit/Library/Application%20Support/iPhone%20Simulator/7.1/Applications/DD530A92-B740-475A-91EE-3418AE411ABF/BCN%20Bike%20Anchors.app/www/index.html
2014-04-11 01:57:31.096 BCN Bike Anchors[8674:70b] Multi-tasking -> Device: YES, App: YES
2014-04-11 01:57:31.105 BCN Bike Anchors[8674:70b] Unlimited access to network resources
2014-04-11 01:57:31.287 BCN Bike Anchors[8674:70b] Resetting plugins due to page load.
2014-04-11 01:57:31.801 BCN Bike Anchors[8674:70b] Finished load of: file:///Users/hiulit/Library/Application%20Support/iPhone%20Simulator/7.1/Applications/DD530A92-B740-475A-91EE-3418AE411ABF/BCN%20Bike%20Anchors.app/www/index.html
2014-04-11 01:58:44.620 BCN Bike Anchors[8802:70b] Multi-tasking -> Device: YES, App: YES
2014-04-11 01:58:44.629 BCN Bike Anchors[8802:70b] Unlimited access to network resources
2014-04-11 01:58:44.799 BCN Bike Anchors[8802:70b] Resetting plugins due to page load.
2014-04-11 01:58:45.329 BCN Bike Anchors[8802:70b] Finished load of: file:///Users/hiulit/Library/Application%20Support/iPhone%20Simulator/7.1/Applications/DD530A92-B740-475A-91EE-3418AE411ABF/BCN%20Bike%20Anchors.app/www/index.html
